0 info it worked if it ends with ok
1 verbose cli [ 'node', '/usr/local/bin/npm', 'install', 'headroom' ]
2 info using npm@1.4.28
3 info using node@v0.10.36
4 warn package.json uo-html5-boostrap@1.0.0 No README data
5 verbose readDependencies using package.json deps
6 verbose cache add [ 'headroom', null ]
7 verbose cache add name=undefined spec="headroom" args=["headroom",null]
8 verbose parsed url { protocol: null,
8 verbose parsed url   slashes: null,
8 verbose parsed url   auth: null,
8 verbose parsed url   host: null,
8 verbose parsed url   port: null,
8 verbose parsed url   hostname: null,
8 verbose parsed url   hash: null,
8 verbose parsed url   search: null,
8 verbose parsed url   query: null,
8 verbose parsed url   pathname: 'headroom',
8 verbose parsed url   path: 'headroom',
8 verbose parsed url   href: 'headroom' }
9 silly lockFile fc5d3447-headroom headroom
10 verbose lock headroom /Users/blefort/.npm/fc5d3447-headroom.lock
11 silly lockFile fc5d3447-headroom headroom
12 silly lockFile fc5d3447-headroom headroom
13 verbose addNamed [ 'headroom', '' ]
14 verbose addNamed [ null, '*' ]
15 silly lockFile 1b72183f-headroom headroom@
16 verbose lock headroom@ /Users/blefort/.npm/1b72183f-headroom.lock
17 silly addNameRange { name: 'headroom', range: '*', hasData: false }
18 verbose request where is /headroom
19 verbose request registry https://registry.npmjs.org/
20 verbose request id d3b1fd35456cfcf9
21 verbose url raw /headroom
22 verbose url resolving [ 'https://registry.npmjs.org/', './headroom' ]
23 verbose url resolved https://registry.npmjs.org/headroom
24 verbose request where is https://registry.npmjs.org/headroom
25 info trying registry request attempt 1 at 11:33:39
26 http GET https://registry.npmjs.org/headroom
27 http 404 https://registry.npmjs.org/headroom
28 silly registry.get cb [ 404,
28 silly registry.get   { date: 'Sat, 14 Mar 2015 15:33:05 GMT',
28 silly registry.get     server: 'CouchDB/1.5.0 (Erlang OTP/R16B03)',
28 silly registry.get     etag: '"BR5BCIVG85J7Q6A2PYHRPMV4M"',
28 silly registry.get     'content-type': 'application/json',
28 silly registry.get     'cache-control': 'max-age=0',
28 silly registry.get     'content-length': '529',
28 silly registry.get     'accept-ranges': 'bytes',
28 silly registry.get     via: '1.1 varnish',
28 silly registry.get     age: '0',
28 silly registry.get     'x-served-by': 'cache-atl6230-ATL',
28 silly registry.get     'x-cache': 'MISS',
28 silly registry.get     'x-cache-hits': '0',
28 silly registry.get     'x-timer': 'S1426347184.987152,VS0,VE84',
28 silly registry.get     vary: 'Accept',
28 silly registry.get     'keep-alive': 'timeout=10, max=50',
28 silly registry.get     connection: 'Keep-Alive' } ]
29 silly lockFile 1b72183f-headroom headroom@
30 silly lockFile 1b72183f-headroom headroom@
31 error 404 Not Found
31 error 404
31 error 404 'headroom' is not in the npm registry.
31 error 404 You should bug the author to publish it
31 error 404 It was specified as a dependency of 'uo-html5-boostrap'
31 error 404
31 error 404 Note that you can also install from a
31 error 404 tarball, folder, or http url, or git url.
32 error System Darwin 14.1.0
33 error command "node" "/usr/local/bin/npm" "install" "headroom"
34 error cwd /Users/blefort/DITA-OT1.8.5/plugins/org.uottawa.bootstrap/theme/html5-bootstrap
35 error node -v v0.10.36
36 error npm -v 1.4.28
37 error code E404
38 verbose exit [ 1, true ]
